# Crashlytics - Stack trace
# Application: com.albadr.printer
# Platform: android
# Version: 6.0.0 (6)
# Issue: 6269162cb485079793380ff9b81a6e97
# Session: 67A21B5D015000012B0C5569901EEF23_DNE_0_v2
# Date: Tue Feb 04 2025 14:51:26 GMT+0100 (Central European Standard Time)

Fatal Exception: java.lang.ExceptionInInitializerError:
       at com.jeremyliao.liveeventbus.core.LiveEventBusCore.get(LiveEventBusCore.java:48)
       at com.jeremyliao.liveeventbus.LiveEventBus.get(LiveEventBus.java:35)
       at com.jeremyliao.liveeventbus.LiveEventBus.get(LiveEventBus.java:46)
       at com.albadr.printer.MyApp.lambda$new$0$com-albadr-printer-MyApp(MyApp.java:27)
       at com.albadr.printer.MyApp$$ExternalSyntheticLambda0.onStatus(:2)
       at net.posprinter.a.c.a(:13)
       at net.posprinter.a.c.$r8$lambda$HjNqSfXub80z_xokA5c7bD4CrkQ()
       at net.posprinter.a.c$$ExternalSyntheticLambda7.run(:6)
       at android.os.Handler.handleCallback(Handler.java:958)
       at android.os.Handler.dispatchMessage(Handler.java:99)
       at android.os.Looper.loopOnce(Looper.java:230)
       at android.os.Looper.loop(Looper.java:319)
       at android.app.ActivityThread.main(ActivityThread.java:8919)
       at java.lang.reflect.Method.invoke(Method.java)
       at com.android.internal.os.RuntimeInit$MethodAndArgsCaller.run(RuntimeInit.java:578)
       at com.android.internal.os.ZygoteInit.main(ZygoteInit.java:1103)

Caused by java.lang.SecurityException: com.albadr.printer: One of RECEIVER_EXPORTED or RECEIVER_NOT_EXPORTED should be specified when a receiver isn't being registered exclusively for system broadcasts
       at android.os.Parcel.createExceptionOrNull(Parcel.java:3069)
       at android.os.Parcel.createException(Parcel.java:3053)
       at android.os.Parcel.readException(Parcel.java:3036)
       at android.os.Parcel.readException(Parcel.java:2978)
       at android.app.IActivityManager$Stub$Proxy.registerReceiverWithFeature(IActivityManager.java:6157)
       at android.app.ContextImpl.registerReceiverInternal(ContextImpl.java:1913)
       at android.app.ContextImpl.registerReceiver(ContextImpl.java:1853)
       at android.app.ContextImpl.registerReceiver(ContextImpl.java:1841)
       at android.content.ContextWrapper.registerReceiver(ContextWrapper.java:772)
       at com.jeremyliao.liveeventbus.core.LiveEventBusCore.registerReceiver(LiveEventBusCore.java:127)
       at com.jeremyliao.liveeventbus.core.LiveEventBusCore.<init>(LiveEventBusCore.java:83)
       at com.jeremyliao.liveeventbus.core.LiveEventBusCore.<init>(LiveEventBusCore.java:38)
       at com.jeremyliao.liveeventbus.core.LiveEventBusCore$SingletonHolder.<clinit>(LiveEventBusCore.java:44)
       at com.jeremyliao.liveeventbus.core.LiveEventBusCore.get(LiveEventBusCore.java:48)
       at com.jeremyliao.liveeventbus.LiveEventBus.get(LiveEventBus.java:35)
       at com.jeremyliao.liveeventbus.LiveEventBus.get(LiveEventBus.java:46)
       at com.albadr.printer.MyApp.lambda$new$0$com-albadr-printer-MyApp(MyApp.java:27)
       at com.albadr.printer.MyApp$$ExternalSyntheticLambda0.onStatus(:2)
       at net.posprinter.a.c.a(:13)
       at net.posprinter.a.c.$r8$lambda$HjNqSfXub80z_xokA5c7bD4CrkQ()
       at net.posprinter.a.c$$ExternalSyntheticLambda7.run(:6)
       at android.os.Handler.handleCallback(Handler.java:958)
       at android.os.Handler.dispatchMessage(Handler.java:99)
       at android.os.Looper.loopOnce(Looper.java:230)
       at android.os.Looper.loop(Looper.java:319)
       at android.app.ActivityThread.main(ActivityThread.java:8919)
       at java.lang.reflect.Method.invoke(Method.java)
       at com.android.internal.os.RuntimeInit$MethodAndArgsCaller.run(RuntimeInit.java:578)
       at com.android.internal.os.ZygoteInit.main(ZygoteInit.java:1103)

Caused by android.os.RemoteException: Remote stack trace:
	at com.android.server.am.ActivityManagerService.registerReceiverWithFeature(ActivityManagerService.java:16680)
	at android.app.IActivityManager$Stub.onTransact$registerReceiverWithFeature$(IActivityManager.java:11613)
	at android.app.IActivityManager$Stub.onTransact(IActivityManager.java:2961)
	at com.android.server.am.ActivityManagerService.onTransact(ActivityManagerService.java:3199)
	at android.os.Binder.execTransactInternal(Binder.java:1375)



pool-8-thread-1:
       at jdk.internal.misc.Unsafe.park(Unsafe.java)
       at java.util.concurrent.locks.LockSupport.park(LockSupport.java:341)
       at java.util.concurrent.locks.AbstractQueuedSynchronizer$ConditionNode.block(AbstractQueuedSynchronizer.java:506)
       at java.util.concurrent.ForkJoinPool.unmanagedBlock(ForkJoinPool.java:3466)
       at java.util.concurrent.ForkJoinPool.managedBlock(ForkJoinPool.java:3437)
       at java.util.concurrent.locks.AbstractQueuedSynchronizer$ConditionObject.await(AbstractQueuedSynchronizer.java:1623)
       at java.util.concurrent.LinkedBlockingQueue.take(LinkedBlockingQueue.java:435)
       at java.util.concurrent.ThreadPoolExecutor.getTask(ThreadPoolExecutor.java:1071)
       at java.util.concurrent.ThreadPoolExecutor.runWorker(ThreadPoolExecutor.java:1131)
       at java.util.concurrent.ThreadPoolExecutor$Worker.run(ThreadPoolExecutor.java:644)
       at java.lang.Thread.run(Thread.java:1012)

DefaultDispatcher-worker-3:
       at jdk.internal.misc.Unsafe.park(Unsafe.java)
       at java.util.concurrent.locks.LockSupport.parkNanos(LockSupport.java:376)
       at kotlinx.coroutines.scheduling.CoroutineScheduler$Worker.park(CoroutineScheduler.kt:838)
       at kotlinx.coroutines.scheduling.CoroutineScheduler$Worker.tryPark(CoroutineScheduler.kt:783)
       at kotlinx.coroutines.scheduling.CoroutineScheduler$Worker.runWorker(CoroutineScheduler.kt:731)
       at kotlinx.coroutines.scheduling.CoroutineScheduler$Worker.run(CoroutineScheduler.kt:684)

Firebase Scheduler Thread #0:
       at jdk.internal.misc.Unsafe.park(Unsafe.java)
       at java.util.concurrent.locks.LockSupport.park(LockSupport.java:341)
       at java.util.concurrent.locks.AbstractQueuedSynchronizer$ConditionNode.block(AbstractQueuedSynchronizer.java:506)
       at java.util.concurrent.ForkJoinPool.unmanagedBlock(ForkJoinPool.java:3466)
       at java.util.concurrent.ForkJoinPool.managedBlock(ForkJoinPool.java:3437)
       at java.util.concurrent.locks.AbstractQueuedSynchronizer$ConditionObject.await(AbstractQueuedSynchronizer.java:1623)
       at java.util.concurrent.ScheduledThreadPoolExecutor$DelayedWorkQueue.take(ScheduledThreadPoolExecutor.java:1176)
       at java.util.concurrent.ScheduledThreadPoolExecutor$DelayedWorkQueue.take(ScheduledThreadPoolExecutor.java:905)
       at java.util.concurrent.ThreadPoolExecutor.getTask(ThreadPoolExecutor.java:1071)
       at java.util.concurrent.ThreadPoolExecutor.runWorker(ThreadPoolExecutor.java:1131)
       at java.util.concurrent.ThreadPoolExecutor$Worker.run(ThreadPoolExecutor.java:644)
       at com.google.firebase.concurrent.CustomThreadFactory.lambda$newThread$0$com-google-firebase-concurrent-CustomThreadFactory(CustomThreadFactory.java:47)
       at com.google.firebase.concurrent.CustomThreadFactory$$ExternalSyntheticLambda0.run(:4)
       at java.lang.Thread.run(Thread.java:1012)

Thread-9:
       at jdk.internal.misc.Unsafe.park(Unsafe.java)
       at java.util.concurrent.locks.LockSupport.park(LockSupport.java:341)
       at java.util.concurrent.locks.AbstractQueuedSynchronizer$ConditionNode.block(AbstractQueuedSynchronizer.java:506)
       at java.util.concurrent.ForkJoinPool.unmanagedBlock(ForkJoinPool.java:3466)
       at java.util.concurrent.ForkJoinPool.managedBlock(ForkJoinPool.java:3437)
       at java.util.concurrent.locks.AbstractQueuedSynchronizer$ConditionObject.await(AbstractQueuedSynchronizer.java:1623)
       at java.util.concurrent.LinkedBlockingQueue.take(LinkedBlockingQueue.java:435)
       at net.posprinter.a.c$a.run(:8)
       at java.lang.Thread.run(Thread.java:1012)

GmsDynamite:
       at java.lang.Object.wait(Object.java)
       at java.lang.Object.wait(Object.java:405)
       at java.lang.Object.wait(Object.java:543)
       at com.google.android.gms.dynamite.zza.run(com.google.android.gms:play-services-basement@@18.1.0:2)

Firebase Blocking Thread #0:
       at jdk.internal.misc.Unsafe.park(Unsafe.java)
       at java.util.concurrent.locks.LockSupport.parkNanos(LockSupport.java:252)
       at java.util.concurrent.SynchronousQueue$TransferStack.transfer(SynchronousQueue.java:401)
       at java.util.concurrent.SynchronousQueue.poll(SynchronousQueue.java:903)
       at java.util.concurrent.ThreadPoolExecutor.getTask(ThreadPoolExecutor.java:1070)
       at java.util.concurrent.ThreadPoolExecutor.runWorker(ThreadPoolExecutor.java:1131)
       at java.util.concurrent.ThreadPoolExecutor$Worker.run(ThreadPoolExecutor.java:644)
       at com.google.firebase.concurrent.CustomThreadFactory.lambda$newThread$0$com-google-firebase-concurrent-CustomThreadFactory(CustomThreadFactory.java:47)
       at com.google.firebase.concurrent.CustomThreadFactory$$ExternalSyntheticLambda0.run(:4)
       at java.lang.Thread.run(Thread.java:1012)

queued-work-looper-data:
       at jdk.internal.misc.Unsafe.park(Unsafe.java)
       at java.util.concurrent.locks.LockSupport.park(LockSupport.java:341)
       at java.util.concurrent.locks.AbstractQueuedSynchronizer$ConditionNode.block(AbstractQueuedSynchronizer.java:506)
       at java.util.concurrent.ForkJoinPool.unmanagedBlock(ForkJoinPool.java:3466)
       at java.util.concurrent.ForkJoinPool.managedBlock(ForkJoinPool.java:3437)
       at java.util.concurrent.locks.AbstractQueuedSynchronizer$ConditionObject.await(AbstractQueuedSynchronizer.java:1623)
       at java.util.concurrent.LinkedBlockingQueue.take(LinkedBlockingQueue.java:435)
       at java.util.concurrent.ThreadPoolExecutor.getTask(ThreadPoolExecutor.java:1071)
       at java.util.concurrent.ThreadPoolExecutor.runWorker(ThreadPoolExecutor.java:1131)
       at java.util.concurrent.ThreadPoolExecutor$Worker.run(ThreadPoolExecutor.java:644)
       at java.lang.Thread.run(Thread.java:1012)

ScionFrontendApi:
       at jdk.internal.misc.Unsafe.park(Unsafe.java)
       at java.util.concurrent.locks.LockSupport.parkNanos(LockSupport.java:252)
       at java.util.concurrent.locks.AbstractQueuedSynchronizer$ConditionObject.awaitNanos(AbstractQueuedSynchronizer.java:1672)
       at java.util.concurrent.LinkedBlockingQueue.poll(LinkedBlockingQueue.java:460)
       at java.util.concurrent.ThreadPoolExecutor.getTask(ThreadPoolExecutor.java:1070)
       at java.util.concurrent.ThreadPoolExecutor.runWorker(ThreadPoolExecutor.java:1131)
       at java.util.concurrent.ThreadPoolExecutor$Worker.run(ThreadPoolExecutor.java:644)
       at java.lang.Thread.run(Thread.java:1012)

Firebase Background Thread #1:
       at jdk.internal.misc.Unsafe.park(Unsafe.java)
       at java.util.concurrent.locks.LockSupport.park(LockSupport.java:341)
       at java.util.concurrent.locks.AbstractQueuedSynchronizer$ConditionNode.block(AbstractQueuedSynchronizer.java:506)
       at java.util.concurrent.ForkJoinPool.unmanagedBlock(ForkJoinPool.java:3466)
       at java.util.concurrent.ForkJoinPool.managedBlock(ForkJoinPool.java:3437)
       at java.util.concurrent.locks.AbstractQueuedSynchronizer$ConditionObject.await(AbstractQueuedSynchronizer.java:1623)
       at java.util.concurrent.LinkedBlockingQueue.take(LinkedBlockingQueue.java:435)
       at java.util.concurrent.ThreadPoolExecutor.getTask(ThreadPoolExecutor.java:1071)
       at java.util.concurrent.ThreadPoolExecutor.runWorker(ThreadPoolExecutor.java:1131)
       at java.util.concurrent.ThreadPoolExecutor$Worker.run(ThreadPoolExecutor.java:644)
       at com.google.firebase.concurrent.CustomThreadFactory.lambda$newThread$0$com-google-firebase-concurrent-CustomThreadFactory(CustomThreadFactory.java:47)
       at com.google.firebase.concurrent.CustomThreadFactory$$ExternalSyntheticLambda0.run(:4)
       at java.lang.Thread.run(Thread.java:1012)

queued-work-looper-data:
       at jdk.internal.misc.Unsafe.park(Unsafe.java)
       at java.util.concurrent.locks.LockSupport.park(LockSupport.java:341)
       at java.util.concurrent.locks.AbstractQueuedSynchronizer$ConditionNode.block(AbstractQueuedSynchronizer.java:506)
       at java.util.concurrent.ForkJoinPool.unmanagedBlock(ForkJoinPool.java:3466)
       at java.util.concurrent.ForkJoinPool.managedBlock(ForkJoinPool.java:3437)
       at java.util.concurrent.locks.AbstractQueuedSynchronizer$ConditionObject.await(AbstractQueuedSynchronizer.java:1623)
       at java.util.concurrent.LinkedBlockingQueue.take(LinkedBlockingQueue.java:435)
       at java.util.concurrent.ThreadPoolExecutor.getTask(ThreadPoolExecutor.java:1071)
       at java.util.concurrent.ThreadPoolExecutor.runWorker(ThreadPoolExecutor.java:1131)
       at java.util.concurrent.ThreadPoolExecutor$Worker.run(ThreadPoolExecutor.java:644)
       at java.lang.Thread.run(Thread.java:1012)

DefaultDispatcher-worker-1:
       at jdk.internal.misc.Unsafe.park(Unsafe.java)
       at java.util.concurrent.locks.LockSupport.parkNanos(LockSupport.java:376)
       at kotlinx.coroutines.scheduling.CoroutineScheduler$Worker.park(CoroutineScheduler.kt:838)
       at kotlinx.coroutines.scheduling.CoroutineScheduler$Worker.tryPark(CoroutineScheduler.kt:783)
       at kotlinx.coroutines.scheduling.CoroutineScheduler$Worker.runWorker(CoroutineScheduler.kt:731)
       at kotlinx.coroutines.scheduling.CoroutineScheduler$Worker.run(CoroutineScheduler.kt:684)

FinalizerWatchdogDaemon:
       at java.lang.Object.wait(Object.java)
       at java.lang.Object.wait(Object.java:405)
       at java.lang.Object.wait(Object.java:543)
       at java.lang.Daemons$FinalizerWatchdogDaemon.sleepUntilNeeded(Daemons.java:464)
       at java.lang.Daemons$FinalizerWatchdogDaemon.runInternal(Daemons.java:444)
       at java.lang.Daemons$Daemon.run(Daemons.java:131)
       at java.lang.Thread.run(Thread.java:1012)

Firebase Background Thread #2:
       at jdk.internal.misc.Unsafe.park(Unsafe.java)
       at java.util.concurrent.locks.LockSupport.park(LockSupport.java:341)
       at java.util.concurrent.locks.AbstractQueuedSynchronizer$ConditionNode.block(AbstractQueuedSynchronizer.java:506)
       at java.util.concurrent.ForkJoinPool.unmanagedBlock(ForkJoinPool.java:3466)
       at java.util.concurrent.ForkJoinPool.managedBlock(ForkJoinPool.java:3437)
       at java.util.concurrent.locks.AbstractQueuedSynchronizer$ConditionObject.await(AbstractQueuedSynchronizer.java:1623)
       at java.util.concurrent.LinkedBlockingQueue.take(LinkedBlockingQueue.java:435)
       at java.util.concurrent.ThreadPoolExecutor.getTask(ThreadPoolExecutor.java:1071)
       at java.util.concurrent.ThreadPoolExecutor.runWorker(ThreadPoolExecutor.java:1131)
       at java.util.concurrent.ThreadPoolExecutor$Worker.run(ThreadPoolExecutor.java:644)
       at com.google.firebase.concurrent.CustomThreadFactory.lambda$newThread$0$com-google-firebase-concurrent-CustomThreadFactory(CustomThreadFactory.java:47)
       at com.google.firebase.concurrent.CustomThreadFactory$$ExternalSyntheticLambda0.run(:4)
       at java.lang.Thread.run(Thread.java:1012)

Crashlytics Exception Handler1:
       at dalvik.system.VMStack.getThreadStackTrace(VMStack.java)
       at java.lang.Thread.getStackTrace(Thread.java:1841)
       at java.lang.Thread.getAllStackTraces(Thread.java:1909)
       at com.google.firebase.crashlytics.internal.common.CrashlyticsReportDataCapture.populateThreadsList(CrashlyticsReportDataCapture.java:342)
       at com.google.firebase.crashlytics.internal.common.CrashlyticsReportDataCapture.populateExecutionData(CrashlyticsReportDataCapture.java:313)
       at com.google.firebase.crashlytics.internal.common.CrashlyticsReportDataCapture.populateEventApplicationData(CrashlyticsReportDataCapture.java:260)
       at com.google.firebase.crashlytics.internal.common.CrashlyticsReportDataCapture.captureEventData(CrashlyticsReportDataCapture.java:112)
       at com.google.firebase.crashlytics.internal.common.SessionReportingCoordinator.persistEvent(SessionReportingCoordinator.java:330)
       at com.google.firebase.crashlytics.internal.common.SessionReportingCoordinator.persistFatalEvent(SessionReportingCoordinator.java:131)
       at com.google.firebase.crashlytics.internal.common.CrashlyticsController$2.call(CrashlyticsController.java:214)
       at com.google.firebase.crashlytics.internal.common.CrashlyticsController$2.call(CrashlyticsController.java:199)
       at com.google.firebase.crashlytics.internal.common.CrashlyticsBackgroundWorker$3.then(CrashlyticsBackgroundWorker.java:105)
       at com.google.android.gms.tasks.zze.run(com.google.android.gms:play-services-tasks@@18.0.2:1)
       at java.util.concurrent.ThreadPoolExecutor.runWorker(ThreadPoolExecutor.java:1145)
       at java.util.concurrent.ThreadPoolExecutor$Worker.run(ThreadPoolExecutor.java:644)
       at com.google.firebase.crashlytics.internal.common.ExecutorUtils$1$1.onRun(ExecutorUtils.java:67)
       at com.google.firebase.crashlytics.internal.common.BackgroundPriorityRunnable.run(BackgroundPriorityRunnable.java:27)
       at java.lang.Thread.run(Thread.java:1012)

queued-work-looper:
       at android.os.MessageQueue.nativePollOnce(MessageQueue.java)
       at android.os.MessageQueue.next(MessageQueue.java:335)
       at android.os.Looper.loopOnce(Looper.java:187)
       at android.os.Looper.loop(Looper.java:319)
       at android.os.HandlerThread.run(HandlerThread.java:67)

pool-11-thread-1:
       at jdk.internal.misc.Unsafe.park(Unsafe.java)
       at java.util.concurrent.locks.LockSupport.park(LockSupport.java:341)
       at java.util.concurrent.locks.AbstractQueuedSynchronizer$ConditionNode.block(AbstractQueuedSynchronizer.java:506)
       at java.util.concurrent.ForkJoinPool.unmanagedBlock(ForkJoinPool.java:3466)
       at java.util.concurrent.ForkJoinPool.managedBlock(ForkJoinPool.java:3437)
       at java.util.concurrent.locks.AbstractQueuedSynchronizer$ConditionObject.await(AbstractQueuedSynchronizer.java:1623)
       at java.util.concurrent.LinkedBlockingQueue.take(LinkedBlockingQueue.java:435)
       at java.util.concurrent.ThreadPoolExecutor.getTask(ThreadPoolExecutor.java:1071)
       at java.util.concurrent.ThreadPoolExecutor.runWorker(ThreadPoolExecutor.java:1131)
       at java.util.concurrent.ThreadPoolExecutor$Worker.run(ThreadPoolExecutor.java:644)
       at java.lang.Thread.run(Thread.java:1012)

SurfaceSyncGroupTimer:
       at android.os.MessageQueue.nativePollOnce(MessageQueue.java)
       at android.os.MessageQueue.next(MessageQueue.java:335)
       at android.os.Looper.loopOnce(Looper.java:187)
       at android.os.Looper.loop(Looper.java:319)
       at android.os.HandlerThread.run(HandlerThread.java:67)

DefaultDispatcher-worker-1:
       at jdk.internal.misc.Unsafe.park(Unsafe.java)
       at java.util.concurrent.locks.LockSupport.parkNanos(LockSupport.java:376)
       at m.ame.run(:com.google.android.gms.dynamite_measurementdynamite@250234029@25.02.34 (190400-0):229)

com.google.firebase.crashlytics.startup1:
       at jdk.internal.misc.Unsafe.park(Unsafe.java)
       at java.util.concurrent.locks.LockSupport.park(LockSupport.java:341)
       at java.util.concurrent.locks.AbstractQueuedSynchronizer$ConditionNode.block(AbstractQueuedSynchronizer.java:506)
       at java.util.concurrent.ForkJoinPool.unmanagedBlock(ForkJoinPool.java:3466)
       at java.util.concurrent.ForkJoinPool.managedBlock(ForkJoinPool.java:3437)
       at java.util.concurrent.locks.AbstractQueuedSynchronizer$ConditionObject.await(AbstractQueuedSynchronizer.java:1623)
       at java.util.concurrent.LinkedBlockingQueue.take(LinkedBlockingQueue.java:435)
       at java.util.concurrent.ThreadPoolExecutor.getTask(ThreadPoolExecutor.java:1071)
       at java.util.concurrent.ThreadPoolExecutor.runWorker(ThreadPoolExecutor.java:1131)
       at java.util.concurrent.ThreadPoolExecutor$Worker.run(ThreadPoolExecutor.java:644)
       at com.google.firebase.crashlytics.internal.common.ExecutorUtils$1$1.onRun(ExecutorUtils.java:67)
       at com.google.firebase.crashlytics.internal.common.BackgroundPriorityRunnable.run(BackgroundPriorityRunnable.java:27)
       at java.lang.Thread.run(Thread.java:1012)

FirebaseSessions_HandlerThread:
       at android.os.MessageQueue.nativePollOnce(MessageQueue.java)
       at android.os.MessageQueue.next(MessageQueue.java:335)
       at android.os.Looper.loopOnce(Looper.java:187)
       at android.os.Looper.loop(Looper.java:319)
       at android.os.HandlerThread.run(HandlerThread.java:67)

Measurement Worker:
       at java.lang.Object.wait(Object.java)
       at java.lang.Object.wait(Object.java:405)
       at m.pt.run(:com.google.android.gms.dynamite_measurementdynamite@250234029@25.02.34 (190400-0):71)

awaitEvenIfOnMainThread task continuation executor1:
       at jdk.internal.misc.Unsafe.park(Unsafe.java)
       at java.util.concurrent.locks.LockSupport.park(LockSupport.java:341)
       at java.util.concurrent.locks.AbstractQueuedSynchronizer$ConditionNode.block(AbstractQueuedSynchronizer.java:506)
       at java.util.concurrent.ForkJoinPool.unmanagedBlock(ForkJoinPool.java:3466)
       at java.util.concurrent.ForkJoinPool.managedBlock(ForkJoinPool.java:3437)
       at java.util.concurrent.locks.AbstractQueuedSynchronizer$ConditionObject.await(AbstractQueuedSynchronizer.java:1623)
       at java.util.concurrent.LinkedBlockingQueue.take(LinkedBlockingQueue.java:435)
       at java.util.concurrent.ThreadPoolExecutor.getTask(ThreadPoolExecutor.java:1071)
       at java.util.concurrent.ThreadPoolExecutor.runWorker(ThreadPoolExecutor.java:1131)
       at java.util.concurrent.ThreadPoolExecutor$Worker.run(ThreadPoolExecutor.java:644)
       at com.google.firebase.crashlytics.internal.common.ExecutorUtils$1$1.onRun(ExecutorUtils.java:67)
       at com.google.firebase.crashlytics.internal.common.BackgroundPriorityRunnable.run(BackgroundPriorityRunnable.java:27)
       at java.lang.Thread.run(Thread.java:1012)

Firebase Blocking Thread #3:
       at java.net.SocketInputStream.socketRead0(SocketInputStream.java)
       at java.net.SocketInputStream.socketRead(SocketInputStream.java:118)
       at java.net.SocketInputStream.read(SocketInputStream.java:173)
       at java.net.SocketInputStream.read(SocketInputStream.java:143)
       at com.android.org.conscrypt.ConscryptEngineSocket$SSLInputStream.readFromSocket(ConscryptEngineSocket.java:985)
       at com.android.org.conscrypt.ConscryptEngineSocket$SSLInputStream.processDataFromSocket(ConscryptEngineSocket.java:949)
       at com.android.org.conscrypt.ConscryptEngineSocket$SSLInputStream.readUntilDataAvailable(ConscryptEngineSocket.java:864)
       at com.android.org.conscrypt.ConscryptEngineSocket$SSLInputStream.read(ConscryptEngineSocket.java:837)
       at com.android.okhttp.okio.Okio$2.read(Okio.java:138)
       at com.android.okhttp.okio.AsyncTimeout$2.read(AsyncTimeout.java:213)
       at com.android.okhttp.okio.RealBufferedSource.indexOf(RealBufferedSource.java:307)
       at com.android.okhttp.okio.RealBufferedSource.indexOf(RealBufferedSource.java:301)
       at com.android.okhttp.okio.RealBufferedSource.readUtf8LineStrict(RealBufferedSource.java:197)
       at com.android.okhttp.internal.http.Http1xStream.readResponse(Http1xStream.java:188)
       at com.android.okhttp.internal.http.Http1xStream.readResponseHeaders(Http1xStream.java:129)
       at com.android.okhttp.internal.http.HttpEngine.readNetworkResponse(HttpEngine.java:750)
       at com.android.okhttp.internal.http.HttpEngine.readResponse(HttpEngine.java:622)
       at com.android.okhttp.internal.huc.HttpURLConnectionImpl.execute(HttpURLConnectionImpl.java:475)
       at com.android.okhttp.internal.huc.HttpURLConnectionImpl.getResponse(HttpURLConnectionImpl.java:411)
       at com.android.okhttp.internal.huc.HttpURLConnectionImpl.getResponseCode(HttpURLConnectionImpl.java:542)
       at com.android.okhttp.internal.huc.DelegatingHttpsURLConnection.getResponseCode(DelegatingHttpsURLConnection.java:106)
       at com.android.okhttp.internal.huc.HttpsURLConnectionImpl.getResponseCode(HttpsURLConnectionImpl.java:30)
       at com.google.firebase.remoteconfig.internal.ConfigRealtimeHttpClient.lambda$beginRealtimeHttpStream$1$com-google-firebase-remoteconfig-internal-ConfigRealtimeHttpClient(ConfigRealtimeHttpClient.java:503)
       at com.google.firebase.remoteconfig.internal.ConfigRealtimeHttpClient$$ExternalSyntheticLambda0.then(:4)
       at com.google.android.gms.tasks.zzc.run(com.google.android.gms:play-services-tasks@@18.0.2:3)
       at java.util.concurrent.ThreadPoolExecutor.runWorker(ThreadPoolExecutor.java:1145)
       at java.util.concurrent.ThreadPoolExecutor$Worker.run(ThreadPoolExecutor.java:644)
       at com.google.firebase.concurrent.CustomThreadFactory.lambda$newThread$0$com-google-firebase-concurrent-CustomThreadFactory(CustomThreadFactory.java:47)
       at com.google.firebase.concurrent.CustomThreadFactory$$ExternalSyntheticLambda0.run(:4)
       at java.lang.Thread.run(Thread.java:1012)

Firebase Background Thread #0:
       at jdk.internal.misc.Unsafe.park(Unsafe.java)
       at java.util.concurrent.locks.LockSupport.park(LockSupport.java:341)
       at java.util.concurrent.locks.AbstractQueuedSynchronizer$ConditionNode.block(AbstractQueuedSynchronizer.java:506)
       at java.util.concurrent.ForkJoinPool.unmanagedBlock(ForkJoinPool.java:3466)
       at java.util.concurrent.ForkJoinPool.managedBlock(ForkJoinPool.java:3437)
       at java.util.concurrent.locks.AbstractQueuedSynchronizer$ConditionObject.await(AbstractQueuedSynchronizer.java:1623)
       at java.util.concurrent.LinkedBlockingQueue.take(LinkedBlockingQueue.java:435)
       at java.util.concurrent.ThreadPoolExecutor.getTask(ThreadPoolExecutor.java:1071)
       at java.util.concurrent.ThreadPoolExecutor.runWorker(ThreadPoolExecutor.java:1131)
       at java.util.concurrent.ThreadPoolExecutor$Worker.run(ThreadPoolExecutor.java:644)
       at com.google.firebase.concurrent.CustomThreadFactory.lambda$newThread$0$com-google-firebase-concurrent-CustomThreadFactory(CustomThreadFactory.java:47)
       at com.google.firebase.concurrent.CustomThreadFactory$$ExternalSyntheticLambda0.run(:4)
       at java.lang.Thread.run(Thread.java:1012)

Firebase Blocking Thread #2:
       at jdk.internal.misc.Unsafe.park(Unsafe.java)
       at java.util.concurrent.locks.LockSupport.parkNanos(LockSupport.java:252)
       at java.util.concurrent.SynchronousQueue$TransferStack.transfer(SynchronousQueue.java:401)
       at java.util.concurrent.SynchronousQueue.poll(SynchronousQueue.java:903)
       at java.util.concurrent.ThreadPoolExecutor.getTask(ThreadPoolExecutor.java:1070)
       at java.util.concurrent.ThreadPoolExecutor.runWorker(ThreadPoolExecutor.java:1131)
       at java.util.concurrent.ThreadPoolExecutor$Worker.run(ThreadPoolExecutor.java:644)
       at com.google.firebase.concurrent.CustomThreadFactory.lambda$newThread$0$com-google-firebase-concurrent-CustomThreadFactory(CustomThreadFactory.java:47)
       at com.google.firebase.concurrent.CustomThreadFactory$$ExternalSyntheticLambda0.run(:4)
       at java.lang.Thread.run(Thread.java:1012)

OkHttp ConnectionPool:
       at java.lang.Object.wait(Object.java)
       at com.android.okhttp.ConnectionPool$1.run(ConnectionPool.java:106)
       at java.util.concurrent.ThreadPoolExecutor.runWorker(ThreadPoolExecutor.java:1145)
       at java.util.concurrent.ThreadPoolExecutor$Worker.run(ThreadPoolExecutor.java:644)
       at java.lang.Thread.run(Thread.java:1012)

Firebase Blocking Thread #1:
       at jdk.internal.misc.Unsafe.park(Unsafe.java)
       at java.util.concurrent.locks.LockSupport.parkNanos(LockSupport.java:252)
       at java.util.concurrent.SynchronousQueue$TransferStack.transfer(SynchronousQueue.java:401)
       at java.util.concurrent.SynchronousQueue.poll(SynchronousQueue.java:903)
       at java.util.concurrent.ThreadPoolExecutor.getTask(ThreadPoolExecutor.java:1070)
       at java.util.concurrent.ThreadPoolExecutor.runWorker(ThreadPoolExecutor.java:1131)
       at java.util.concurrent.ThreadPoolExecutor$Worker.run(ThreadPoolExecutor.java:644)
       at com.google.firebase.concurrent.CustomThreadFactory.lambda$newThread$0$com-google-firebase-concurrent-CustomThreadFactory(CustomThreadFactory.java:47)
       at com.google.firebase.concurrent.CustomThreadFactory$$ExternalSyntheticLambda0.run(:4)
       at java.lang.Thread.run(Thread.java:1012)

Firebase Background Thread #3:
       at jdk.internal.misc.Unsafe.park(Unsafe.java)
       at java.util.concurrent.locks.LockSupport.park(LockSupport.java:341)
       at java.util.concurrent.locks.AbstractQueuedSynchronizer$ConditionNode.block(AbstractQueuedSynchronizer.java:506)
       at java.util.concurrent.ForkJoinPool.unmanagedBlock(ForkJoinPool.java:3466)
       at java.util.concurrent.ForkJoinPool.managedBlock(ForkJoinPool.java:3437)
       at java.util.concurrent.locks.AbstractQueuedSynchronizer$ConditionObject.await(AbstractQueuedSynchronizer.java:1623)
       at java.util.concurrent.LinkedBlockingQueue.take(LinkedBlockingQueue.java:435)
       at java.util.concurrent.ThreadPoolExecutor.getTask(ThreadPoolExecutor.java:1071)
       at java.util.concurrent.ThreadPoolExecutor.runWorker(ThreadPoolExecutor.java:1131)
       at java.util.concurrent.ThreadPoolExecutor$Worker.run(ThreadPoolExecutor.java:644)
       at com.google.firebase.concurrent.CustomThreadFactory.lambda$newThread$0$com-google-firebase-concurrent-CustomThreadFactory(CustomThreadFactory.java:47)
       at com.google.firebase.concurrent.CustomThreadFactory$$ExternalSyntheticLambda0.run(:4)
       at java.lang.Thread.run(Thread.java:1012)

DefaultDispatcher-worker-2:
       at jdk.internal.misc.Unsafe.park(Unsafe.java)
       at java.util.concurrent.locks.LockSupport.parkNanos(LockSupport.java:376)
       at kotlinx.coroutines.scheduling.CoroutineScheduler$Worker.park(CoroutineScheduler.kt:838)
       at kotlinx.coroutines.scheduling.CoroutineScheduler$Worker.tryPark(CoroutineScheduler.kt:783)
       at kotlinx.coroutines.scheduling.CoroutineScheduler$Worker.runWorker(CoroutineScheduler.kt:731)
       at kotlinx.coroutines.scheduling.CoroutineScheduler$Worker.run(CoroutineScheduler.kt:684)

FinalizerDaemon:
       at java.lang.Object.wait(Object.java)
       at java.lang.Object.wait(Object.java:405)
       at java.lang.ref.ReferenceQueue.remove(ReferenceQueue.java:207)
       at java.lang.ref.ReferenceQueue.remove(ReferenceQueue.java:228)
       at java.lang.Daemons$FinalizerDaemon.runInternal(Daemons.java:331)
       at java.lang.Daemons$Daemon.run(Daemons.java:131)
       at java.lang.Thread.run(Thread.java:1012)

ReferenceQueueDaemon:
       at java.lang.Object.wait(Object.java)
       at java.lang.Object.wait(Object.java:405)
       at java.lang.Object.wait(Object.java:543)
       at java.lang.Daemons$ReferenceQueueDaemon.runInternal(Daemons.java:251)
       at java.lang.Daemons$Daemon.run(Daemons.java:131)
       at java.lang.Thread.run(Thread.java:1012)

DefaultDispatcher-worker-2:
       at jdk.internal.misc.Unsafe.park(Unsafe.java)
       at java.util.concurrent.locks.LockSupport.parkNanos(LockSupport.java:376)
       at m.ame.run(:com.google.android.gms.dynamite_measurementdynamite@250234029@25.02.34 (190400-0):229)